File: \Accessible.tlb
File: \AccessibleHandler.dll
File: \AccessibleMarshal.dll
File: \api-ms-win-core-console-l1-1-0.dll
File: \api-ms-win-core-datetime-l1-1-0.dll
File: \api-ms-win-core-debug-l1-1-0.dll
File: \api-ms-win-core-errorhandling-l1-1-0.dll
File: \api-ms-win-core-file-l1-1-0.dll
File: \api-ms-win-core-file-l1-2-0.dll
File: \api-ms-win-core-file-l2-1-0.dll
File: \api-ms-win-core-handle-l1-1-0.dll
File: \api-ms-win-core-heap-l1-1-0.dll
File: \api-ms-win-core-interlocked-l1-1-0.dll
File: \api-ms-win-core-libraryloader-l1-1-0.dll
File: \api-ms-win-core-localization-l1-2-0.dll
File: \api-ms-win-core-memory-l1-1-0.dll
File: \api-ms-win-core-namedpipe-l1-1-0.dll
File: \api-ms-win-core-processenvironment-l1-1-0.dll
File: \api-ms-win-core-processthreads-l1-1-0.dll
File: \api-ms-win-core-processthreads-l1-1-1.dll
File: \api-ms-win-core-profile-l1-1-0.dll
File: \api-ms-win-core-rtlsupport-l1-1-0.dll
File: \api-ms-win-core-string-l1-1-0.dll
File: \api-ms-win-core-synch-l1-1-0.dll
File: \api-ms-win-core-synch-l1-2-0.dll
File: \api-ms-win-core-sysinfo-l1-1-0.dll
File: \api-ms-win-core-timezone-l1-1-0.dll
File: \api-ms-win-core-util-l1-1-0.dll
File: \api-ms-win-crt-conio-l1-1-0.dll
File: \api-ms-win-crt-convert-l1-1-0.dll
File: \api-ms-win-crt-environment-l1-1-0.dll
File: \api-ms-win-crt-filesystem-l1-1-0.dll
File: \api-ms-win-crt-heap-l1-1-0.dll
File: \api-ms-win-crt-locale-l1-1-0.dll
File: \api-ms-win-crt-math-l1-1-0.dll
File: \api-ms-win-crt-multibyte-l1-1-0.dll
File: \api-ms-win-crt-private-l1-1-0.dll
File: \api-ms-win-crt-process-l1-1-0.dll
File: \api-ms-win-crt-runtime-l1-1-0.dll
File: \api-ms-win-crt-stdio-l1-1-0.dll
File: \api-ms-win-crt-string-l1-1-0.dll
File: \api-ms-win-crt-time-l1-1-0.dll
File: \api-ms-win-crt-utility-l1-1-0.dll
File: \application.ini
File: \breakpadinjector.dll
File: \chrome.manifest
File: \d3dcompiler_47.dll
File: \dependentlibs.list
File: \firefox.exe.sig
File: \firefox.VisualElementsManifest.xml
File: \freebl3.chk
File: \freebl3.dll
File: \IA2Marshal.dll
File: \lgpllibs.dll
File: \libEGL.dll
File: \libGLESv2.dll
File: \minidump-analyzer.exe
File: \mozavcodec.dll
File: \mozavutil.dll
File: \mozglue.dll
File: \msvcp140.dll
File: \nss3.dll
File: \nssckbi.dll
File: \nssdbm3.chk
File: \nssdbm3.dll
File: \omni.ja
File: \pdfinfo.exe
File: \pdftotext.exe
File: \pingsender.exe
File: \platform.ini
File: \plugin-container.exe
File: \plugin-container.exe.sig
File: \plugin-hang-ui.exe
File: \qipcap.dll
File: \softokn3.chk
File: \softokn3.dll
File: \ucrtbase.dll
File: \updater.exe
File: \updater.ini
File: \vcruntime140.dll
File: \xul.dll
File: \xul.dll.sig
File: \zotero.exe
File: \zotero.jar
File: \uninstall\helper.exe
File: \poppler-data\COPYING
File: \poppler-data\COPYING.adobe
File: \poppler-data\COPYING.gpl2
File: \poppler-data\unicodeMap\Big5
File: \poppler-data\unicodeMap\Big5ascii
File: \poppler-data\unicodeMap\EUC-CN
File: \poppler-data\unicodeMap\EUC-JP
File: \poppler-data\unicodeMap\GBK
File: \poppler-data\unicodeMap\ISO-2022-CN
File: \poppler-data\unicodeMap\ISO-2022-JP
File: \poppler-data\unicodeMap\ISO-2022-KR
File: \poppler-data\unicodeMap\ISO-8859-6
File: \poppler-data\unicodeMap\ISO-8859-7
File: \poppler-data\unicodeMap\ISO-8859-8
File: \poppler-data\unicodeMap\ISO-8859-9
File: \poppler-data\unicodeMap\KOI8-R
File: \poppler-data\unicodeMap\Latin2
File: \poppler-data\unicodeMap\Shift-JIS
File: \poppler-data\unicodeMap\TIS-620
File: \poppler-data\unicodeMap\Windows-1255
File: \poppler-data\nameToUnicode\Bulgarian
File: \poppler-data\nameToUnicode\Greek
File: \poppler-data\nameToUnicode\Thai
File: \poppler-data\cMap\Adobe-Korea1\Adobe-Korea1-0
File: \poppler-data\cMap\Adobe-Korea1\Adobe-Korea1-1
File: \poppler-data\cMap\Adobe-Korea1\Adobe-Korea1-2
File: \poppler-data\cMap\Adobe-Korea1\Adobe-Korea1-H-CID
File: \poppler-data\cMap\Adobe-Korea1\Adobe-Korea1-H-Host
File: \poppler-data\cMap\Adobe-Korea1\Adobe-Korea1-H-Mac
File: \poppler-data\cMap\Adobe-Korea1\Adobe-Korea1-KSCms-UHC
File: \poppler-data\cMap\Adobe-Korea1\Adobe-Korea1-KSCpc-EUC
File: \poppler-data\cMap\Adobe-Korea1\Adobe-Korea1-UCS2
File: \poppler-data\cMap\Adobe-Korea1\KSC-EUC-H
File: \poppler-data\cMap\Adobe-Korea1\KSC-EUC-V
File: \poppler-data\cMap\Adobe-Korea1\KSC-H
File: \poppler-data\cMap\Adobe-Korea1\KSC-Johab-H
File: \poppler-data\cMap\Adobe-Korea1\KSC-Johab-V
File: \poppler-data\cMap\Adobe-Korea1\KSC-V
File: \poppler-data\cMap\Adobe-Korea1\KSCms-UHC-H
File: \poppler-data\cMap\Adobe-Korea1\KSCms-UHC-HW-H
File: \poppler-data\cMap\Adobe-Korea1\KSCms-UHC-HW-V
File: \poppler-data\cMap\Adobe-Korea1\KSCms-UHC-UCS2
File: \poppler-data\cMap\Adobe-Korea1\KSCms-UHC-V
File: \poppler-data\cMap\Adobe-Korea1\KSCpc-EUC-H
File: \poppler-data\cMap\Adobe-Korea1\KSCpc-EUC-UCS2
File: \poppler-data\cMap\Adobe-Korea1\KSCpc-EUC-UCS2C
File: \poppler-data\cMap\Adobe-Korea1\KSCpc-EUC-V
File: \poppler-data\cMap\Adobe-Korea1\UCS2-KSCms-UHC
File: \poppler-data\cMap\Adobe-Korea1\UCS2-KSCpc-EUC
File: \poppler-data\cMap\Adobe-Korea1\UniKS-UCS2-H
File: \poppler-data\cMap\Adobe-Korea1\UniKS-UCS2-V
File: \poppler-data\cMap\Adobe-Korea1\UniKS-UTF16-H
File: \poppler-data\cMap\Adobe-Korea1\UniKS-UTF16-V
File: \poppler-data\cMap\Adobe-Korea1\UniKS-UTF32-H
File: \poppler-data\cMap\Adobe-Korea1\UniKS-UTF32-V
File: \poppler-data\cMap\Adobe-Korea1\UniKS-UTF8-H
File: \poppler-data\cMap\Adobe-Korea1\UniKS-UTF8-V
File: \poppler-data\cMap\Adobe-Japan2\Adobe-Japan2-0
File: \poppler-data\cMap\Adobe-Japan1\78-EUC-H
File: \poppler-data\cMap\Adobe-Japan1\78-EUC-V
File: \poppler-data\cMap\Adobe-Japan1\78-H
File: \poppler-data\cMap\Adobe-Japan1\78-RKSJ-H
File: \poppler-data\cMap\Adobe-Japan1\78-RKSJ-V
File: \poppler-data\cMap\Adobe-Japan1\78-V
File: \poppler-data\cMap\Adobe-Japan1\78ms-RKSJ-H
File: \poppler-data\cMap\Adobe-Japan1\78ms-RKSJ-V
File: \poppler-data\cMap\Adobe-Japan1\83pv-RKSJ-H
File: \poppler-data\cMap\Adobe-Japan1\90ms-RKSJ-H
File: \poppler-data\cMap\Adobe-Japan1\90ms-RKSJ-UCS2
File: \poppler-data\cMap\Adobe-Japan1\90ms-RKSJ-V
File: \poppler-data\cMap\Adobe-Japan1\90msp-RKSJ-H
File: \poppler-data\cMap\Adobe-Japan1\90msp-RKSJ-V
File: \poppler-data\cMap\Adobe-Japan1\90pv-RKSJ-H
File: \poppler-data\cMap\Adobe-Japan1\90pv-RKSJ-UCS2
File: \poppler-data\cMap\Adobe-Japan1\90pv-RKSJ-UCS2C
File: \poppler-data\cMap\Adobe-Japan1\90pv-RKSJ-V
File: \poppler-data\cMap\Adobe-Japan1\Add-H
File: \poppler-data\cMap\Adobe-Japan1\Add-RKSJ-H
File: \poppler-data\cMap\Adobe-Japan1\Add-RKSJ-V
File: \poppler-data\cMap\Adobe-Japan1\Add-V
File: \poppler-data\cMap\Adobe-Japan1\Adobe-Japan1-0
File: \poppler-data\cMap\Adobe-Japan1\Adobe-Japan1-1
File: \poppler-data\cMap\Adobe-Japan1\Adobe-Japan1-2
File: \poppler-data\cMap\Adobe-Japan1\Adobe-Japan1-3
File: \poppler-data\cMap\Adobe-Japan1\Adobe-Japan1-4
File: \poppler-data\cMap\Adobe-Japan1\Adobe-Japan1-5
File: \poppler-data\cMap\Adobe-Japan1\Adobe-Japan1-6
File: \poppler-data\cMap\Adobe-Japan1\Adobe-Japan1-90ms-RKSJ
File: \poppler-data\cMap\Adobe-Japan1\Adobe-Japan1-90pv-RKSJ
File: \poppler-data\cMap\Adobe-Japan1\Adobe-Japan1-H-CID
File: \poppler-data\cMap\Adobe-Japan1\Adobe-Japan1-H-Host
File: \poppler-data\cMap\Adobe-Japan1\Adobe-Japan1-H-Mac
File: \poppler-data\cMap\Adobe-Japan1\Adobe-Japan1-PS-H
File: \poppler-data\cMap\Adobe-Japan1\Adobe-Japan1-PS-V
File: \poppler-data\cMap\Adobe-Japan1\Adobe-Japan1-UCS2
File: \poppler-data\cMap\Adobe-Japan1\EUC-H
File: \poppler-data\cMap\Adobe-Japan1\EUC-V
File: \poppler-data\cMap\Adobe-Japan1\Ext-H
File: \poppler-data\cMap\Adobe-Japan1\Ext-RKSJ-H
File: \poppler-data\cMap\Adobe-Japan1\Ext-RKSJ-V
File: \poppler-data\cMap\Adobe-Japan1\Ext-V
File: \poppler-data\cMap\Adobe-Japan1\H
File: \poppler-data\cMap\Adobe-Japan1\Hankaku
File: \poppler-data\cMap\Adobe-Japan1\Hiragana
File: \poppler-data\cMap\Adobe-Japan1\Hojo-EUC-H
File: \poppler-data\cMap\Adobe-Japan1\Hojo-EUC-V
File: \poppler-data\cMap\Adobe-Japan1\Hojo-H
File: \poppler-data\cMap\Adobe-Japan1\Hojo-V
File: \poppler-data\cMap\Adobe-Japan1\Katakana
File: \poppler-data\cMap\Adobe-Japan1\NWP-H
File: \poppler-data\cMap\Adobe-Japan1\NWP-V
File: \poppler-data\cMap\Adobe-Japan1\RKSJ-H
File: \poppler-data\cMap\Adobe-Japan1\RKSJ-V
File: \poppler-data\cMap\Adobe-Japan1\Roman
File: \poppler-data\cMap\Adobe-Japan1\UCS2-90ms-RKSJ
File: \poppler-data\cMap\Adobe-Japan1\UCS2-90pv-RKSJ
File: \poppler-data\cMap\Adobe-Japan1\UniHojo-UCS2-H
File: \poppler-data\cMap\Adobe-Japan1\UniHojo-UCS2-V
File: \poppler-data\cMap\Adobe-Japan1\UniHojo-UTF16-H
File: \poppler-data\cMap\Adobe-Japan1\UniHojo-UTF16-V
File: \poppler-data\cMap\Adobe-Japan1\UniHojo-UTF32-H
File: \poppler-data\cMap\Adobe-Japan1\UniHojo-UTF32-V
File: \poppler-data\cMap\Adobe-Japan1\UniHojo-UTF8-H
File: \poppler-data\cMap\Adobe-Japan1\UniHojo-UTF8-V
File: \poppler-data\cMap\Adobe-Japan1\UniJIS-UCS2-H
File: \poppler-data\cMap\Adobe-Japan1\UniJIS-UCS2-HW-H
File: \poppler-data\cMap\Adobe-Japan1\UniJIS-UCS2-HW-V
File: \poppler-data\cMap\Adobe-Japan1\UniJIS-UCS2-V
File: \poppler-data\cMap\Adobe-Japan1\UniJIS-UTF16-H
File: \poppler-data\cMap\Adobe-Japan1\UniJIS-UTF16-V
File: \poppler-data\cMap\Adobe-Japan1\UniJIS-UTF32-H
File: \poppler-data\cMap\Adobe-Japan1\UniJIS-UTF32-V
File: \poppler-data\cMap\Adobe-Japan1\UniJIS-UTF8-H
File: \poppler-data\cMap\Adobe-Japan1\UniJIS-UTF8-V
File: \poppler-data\cMap\Adobe-Japan1\UniJIS2004-UTF16-H
File: \poppler-data\cMap\Adobe-Japan1\UniJIS2004-UTF16-V
File: \poppler-data\cMap\Adobe-Japan1\UniJIS2004-UTF32-H
File: \poppler-data\cMap\Adobe-Japan1\UniJIS2004-UTF32-V
File: \poppler-data\cMap\Adobe-Japan1\UniJIS2004-UTF8-H
File: \poppler-data\cMap\Adobe-Japan1\UniJIS2004-UTF8-V
File: \poppler-data\cMap\Adobe-Japan1\UniJISPro-UCS2-HW-V
File: \poppler-data\cMap\Adobe-Japan1\UniJISPro-UCS2-V
File: \poppler-data\cMap\Adobe-Japan1\UniJISPro-UTF8-V
File: \poppler-data\cMap\Adobe-Japan1\UniJISX0213-UTF32-H
File: \poppler-data\cMap\Adobe-Japan1\UniJISX0213-UTF32-V
File: \poppler-data\cMap\Adobe-Japan1\UniJISX02132004-UTF32-H
File: \poppler-data\cMap\Adobe-Japan1\UniJISX02132004-UTF32-V
File: \poppler-data\cMap\Adobe-Japan1\V
File: \poppler-data\cMap\Adobe-Japan1\WP-Symbol
File: \poppler-data\cMap\Adobe-GB1\Adobe-GB1-0
File: \poppler-data\cMap\Adobe-GB1\Adobe-GB1-1
File: \poppler-data\cMap\Adobe-GB1\Adobe-GB1-2
File: \poppler-data\cMap\Adobe-GB1\Adobe-GB1-3
File: \poppler-data\cMap\Adobe-GB1\Adobe-GB1-4
File: \poppler-data\cMap\Adobe-GB1\Adobe-GB1-5
File: \poppler-data\cMap\Adobe-GB1\Adobe-GB1-GBK-EUC
File: \poppler-data\cMap\Adobe-GB1\Adobe-GB1-GBpc-EUC
File: \poppler-data\cMap\Adobe-GB1\Adobe-GB1-H-CID
File: \poppler-data\cMap\Adobe-GB1\Adobe-GB1-H-Host
File: \poppler-data\cMap\Adobe-GB1\Adobe-GB1-H-Mac
File: \poppler-data\cMap\Adobe-GB1\Adobe-GB1-UCS2
File: \poppler-data\cMap\Adobe-GB1\GB-EUC-H
File: \poppler-data\cMap\Adobe-GB1\GB-EUC-V
File: \poppler-data\cMap\Adobe-GB1\GB-H
File: \poppler-data\cMap\Adobe-GB1\GB-V
File: \poppler-data\cMap\Adobe-GB1\GBK-EUC-H
File: \poppler-data\cMap\Adobe-GB1\GBK-EUC-UCS2
File: \poppler-data\cMap\Adobe-GB1\GBK-EUC-V
File: \poppler-data\cMap\Adobe-GB1\GBK2K-H
File: \poppler-data\cMap\Adobe-GB1\GBK2K-V
File: \poppler-data\cMap\Adobe-GB1\GBKp-EUC-H
File: \poppler-data\cMap\Adobe-GB1\GBKp-EUC-V
File: \poppler-data\cMap\Adobe-GB1\GBpc-EUC-H
File: \poppler-data\cMap\Adobe-GB1\GBpc-EUC-UCS2
File: \poppler-data\cMap\Adobe-GB1\GBpc-EUC-UCS2C
File: \poppler-data\cMap\Adobe-GB1\GBpc-EUC-V
File: \poppler-data\cMap\Adobe-GB1\GBT-EUC-H
File: \poppler-data\cMap\Adobe-GB1\GBT-EUC-V
File: \poppler-data\cMap\Adobe-GB1\GBT-H
File: \poppler-data\cMap\Adobe-GB1\GBT-V
File: \poppler-data\cMap\Adobe-GB1\GBTpc-EUC-H
File: \poppler-data\cMap\Adobe-GB1\GBTpc-EUC-V
File: \poppler-data\cMap\Adobe-GB1\UCS2-GBK-EUC
File: \poppler-data\cMap\Adobe-GB1\UCS2-GBpc-EUC
File: \poppler-data\cMap\Adobe-GB1\UniGB-UCS2-H
File: \poppler-data\cMap\Adobe-GB1\UniGB-UCS2-V
File: \poppler-data\cMap\Adobe-GB1\UniGB-UTF16-H
File: \poppler-data\cMap\Adobe-GB1\UniGB-UTF16-V
File: \poppler-data\cMap\Adobe-GB1\UniGB-UTF32-H
File: \poppler-data\cMap\Adobe-GB1\UniGB-UTF32-V
File: \poppler-data\cMap\Adobe-GB1\UniGB-UTF8-H
File: \poppler-data\cMap\Adobe-GB1\UniGB-UTF8-V
File: \poppler-data\cMap\Adobe-CNS1\Adobe-CNS1-0
File: \poppler-data\cMap\Adobe-CNS1\Adobe-CNS1-1
File: \poppler-data\cMap\Adobe-CNS1\Adobe-CNS1-2
File: \poppler-data\cMap\Adobe-CNS1\Adobe-CNS1-3
File: \poppler-data\cMap\Adobe-CNS1\Adobe-CNS1-4
File: \poppler-data\cMap\Adobe-CNS1\Adobe-CNS1-5
File: \poppler-data\cMap\Adobe-CNS1\Adobe-CNS1-6
File: \poppler-data\cMap\Adobe-CNS1\Adobe-CNS1-7
File: \poppler-data\cMap\Adobe-CNS1\Adobe-CNS1-B5pc
File: \poppler-data\cMap\Adobe-CNS1\Adobe-CNS1-ETen-B5
File: \poppler-data\cMap\Adobe-CNS1\Adobe-CNS1-H-CID
File: \poppler-data\cMap\Adobe-CNS1\Adobe-CNS1-H-Host
File: \poppler-data\cMap\Adobe-CNS1\Adobe-CNS1-H-Mac
File: \poppler-data\cMap\Adobe-CNS1\Adobe-CNS1-UCS2
File: \poppler-data\cMap\Adobe-CNS1\B5-H
File: \poppler-data\cMap\Adobe-CNS1\B5-V
File: \poppler-data\cMap\Adobe-CNS1\B5pc-H
File: \poppler-data\cMap\Adobe-CNS1\B5pc-UCS2
File: \poppler-data\cMap\Adobe-CNS1\B5pc-UCS2C
File: \poppler-data\cMap\Adobe-CNS1\B5pc-V
File: \poppler-data\cMap\Adobe-CNS1\CNS-EUC-H
File: \poppler-data\cMap\Adobe-CNS1\CNS-EUC-V
File: \poppler-data\cMap\Adobe-CNS1\CNS1-H
File: \poppler-data\cMap\Adobe-CNS1\CNS1-V
File: \poppler-data\cMap\Adobe-CNS1\CNS2-H
File: \poppler-data\cMap\Adobe-CNS1\CNS2-V
File: \poppler-data\cMap\Adobe-CNS1\ETen-B5-H
File: \poppler-data\cMap\Adobe-CNS1\ETen-B5-UCS2
File: \poppler-data\cMap\Adobe-CNS1\ETen-B5-V
File: \poppler-data\cMap\Adobe-CNS1\ETenms-B5-H
File: \poppler-data\cMap\Adobe-CNS1\ETenms-B5-V
File: \poppler-data\cMap\Adobe-CNS1\ETHK-B5-H
File: \poppler-data\cMap\Adobe-CNS1\ETHK-B5-V
File: \poppler-data\cMap\Adobe-CNS1\HKdla-B5-H
File: \poppler-data\cMap\Adobe-CNS1\HKdla-B5-V
File: \poppler-data\cMap\Adobe-CNS1\HKdlb-B5-H
File: \poppler-data\cMap\Adobe-CNS1\HKdlb-B5-V
File: \poppler-data\cMap\Adobe-CNS1\HKgccs-B5-H
File: \poppler-data\cMap\Adobe-CNS1\HKgccs-B5-V
File: \poppler-data\cMap\Adobe-CNS1\HKm314-B5-H
File: \poppler-data\cMap\Adobe-CNS1\HKm314-B5-V
File: \poppler-data\cMap\Adobe-CNS1\HKm471-B5-H
File: \poppler-data\cMap\Adobe-CNS1\HKm471-B5-V
File: \poppler-data\cMap\Adobe-CNS1\HKscs-B5-H
File: \poppler-data\cMap\Adobe-CNS1\HKscs-B5-V
File: \poppler-data\cMap\Adobe-CNS1\UCS2-B5pc
File: \poppler-data\cMap\Adobe-CNS1\UCS2-ETen-B5
File: \poppler-data\cMap\Adobe-CNS1\UniCNS-UCS2-H
File: \poppler-data\cMap\Adobe-CNS1\UniCNS-UCS2-V
File: \poppler-data\cMap\Adobe-CNS1\UniCNS-UTF16-H
File: \poppler-data\cMap\Adobe-CNS1\UniCNS-UTF16-V
File: \poppler-data\cMap\Adobe-CNS1\UniCNS-UTF32-H
File: \poppler-data\cMap\Adobe-CNS1\UniCNS-UTF32-V
File: \poppler-data\cMap\Adobe-CNS1\UniCNS-UTF8-H
File: \poppler-data\cMap\Adobe-CNS1\UniCNS-UTF8-V
File: \poppler-data\cidToUnicode\Adobe-CNS1
File: \poppler-data\cidToUnicode\Adobe-GB1
File: \poppler-data\cidToUnicode\Adobe-Japan1
File: \poppler-data\cidToUnicode\Adobe-Korea1
File: \gmp-clearkey\0.1\clearkey.dll
File: \gmp-clearkey\0.1\clearkey.dll.sig
File: \gmp-clearkey\0.1\manifest.json
File: \fonts\EmojiOneMozilla.ttf
File: \extensions\zoteroWinWordIntegration@zotero.org\chrome.manifest
File: \extensions\zoteroWinWordIntegration@zotero.org\COPYING
File: \extensions\zoteroWinWordIntegration@zotero.org\install.rdf
File: \extensions\zoteroWinWordIntegration@zotero.org\README.md
File: \extensions\zoteroWinWordIntegration@zotero.org\resource\installer.jsm
File: \extensions\zoteroWinWordIntegration@zotero.org\resource\libzoteroWinWordIntegration.dll
File: \extensions\zoteroWinWordIntegration@zotero.org\resource\libzoteroWinWordIntegration_x64.dll
File: \extensions\zoteroWinWordIntegration@zotero.org\install\Zotero.dotm
File: \extensions\zoteroWinWordIntegration@zotero.org\defaults\preferences\zoteroWinWordIntegration.js
File: \extensions\zoteroWinWordIntegration@zotero.org\components\zoteroIntegration.xpt
File: \extensions\zoteroWinWordIntegration@zotero.org\components\zoteroWinWordIntegration.js
File: \extensions\zoteroWinWordIntegration@zotero.org\chrome\overlay.xul
File: \extensions\zoteroWinWordIntegration@zotero.org\chrome\preferences.xul
File: \extensions\zoteroWinWordIntegration@zotero.org\chrome\progress.xul
File: \extensions\zoteroOpenOfficeIntegration@zotero.org\chrome.manifest
File: \extensions\zoteroOpenOfficeIntegration@zotero.org\COPYING
File: \extensions\zoteroOpenOfficeIntegration@zotero.org\install.rdf
File: \extensions\zoteroOpenOfficeIntegration@zotero.org\README.md
File: \extensions\zoteroOpenOfficeIntegration@zotero.org\scripts\symlink_sdk
File: \extensions\zoteroOpenOfficeIntegration@zotero.org\resource\installer.jsm
File: \extensions\zoteroOpenOfficeIntegration@zotero.org\install\Zotero_OpenOffice_Integration.oxt
File: \extensions\zoteroOpenOfficeIntegration@zotero.org\defaults\preferences\zoteroOpenOfficeIntegration.js
File: \extensions\zoteroOpenOfficeIntegration@zotero.org\components\zoteroOpenOfficeIntegration.js
File: \extensions\zoteroOpenOfficeIntegration@zotero.org\chrome\install.js
File: \extensions\zoteroOpenOfficeIntegration@zotero.org\chrome\install.xul
File: \extensions\zoteroOpenOfficeIntegration@zotero.org\chrome\overlay.xul
File: \extensions\zoteroOpenOfficeIntegration@zotero.org\chrome\preferences.xul
File: \extensions\zoteroOpenOfficeIntegration@zotero.org\chrome\progress.xul
File: \dictionaries\en-US.aff
File: \dictionaries\en-US.dic
File: \defaults\preferences\prefs.js
File: \defaults\preferences\zotero.js
File: \components\jsconsole-clhandler.js
File: \components\zotero-autocomplete.js
File: \components\zotero-protocol-handler.js
File: \components\zotero-service.js
File: \chrome\icons\default\default16.png
File: \chrome\icons\default\default256.png
File: \chrome\icons\default\default32.png
File: \chrome\icons\default\default48.png
File: \chrome\icons\default\main-window.ico
File: \components\compreg.dat
File: \components\xpti.dat
File: \active-update.xml
File: \install.log
File: \install_status.log
File: \install_wizard.log
File: \updates.xml
